[2025-02-19 06:28:21,071 I 10100 10100] gcs_server_main.cc:73: Ray cluster metadata ray_version=3.0.0.dev0 ray_commit={{RAY_COMMIT_SHA}}
[2025-02-19 06:28:21,072 I 10100 10100] io_service_pool.cc:35: IOServicePool is running with 1 io_service.
[2025-02-19 06:28:21,076 I 10100 10100] event.cc:496: Ray Event initialized for GCS
[2025-02-19 06:28:21,076 I 10100 10100] event.cc:496: Ray Event initialized for EXPORT_NODE
[2025-02-19 06:28:21,076 I 10100 10100] event.cc:496: Ray Event initialized for EXPORT_ACTOR
[2025-02-19 06:28:21,076 I 10100 10100] event.cc:496: Ray Event initialized for EXPORT_DRIVER_JOB
[2025-02-19 06:28:21,076 I 10100 10100] event.cc:327: Set ray event level to warning
[2025-02-19 06:28:21,076 I 10100 10100] gcs_server.cc:74: GCS storage type is StorageType::IN_MEMORY
[2025-02-19 06:28:21,077 I 10100 10100] gcs_init_data.cc:44: Loading job table data.
[2025-02-19 06:28:21,077 I 10100 10100] gcs_init_data.cc:54: Loading node table data.
[2025-02-19 06:28:21,077 I 10100 10100] gcs_init_data.cc:76: Loading actor table data.
[2025-02-19 06:28:21,077 I 10100 10100] gcs_init_data.cc:87: Loading actor task spec table data.
[2025-02-19 06:28:21,077 I 10100 10100] gcs_init_data.cc:64: Loading placement group table data.
[2025-02-19 06:28:21,077 I 10100 10100] gcs_init_data.cc:100: Loading virtual cluster table data.
[2025-02-19 06:28:21,077 I 10100 10100] gcs_init_data.cc:48: Finished loading job table data, size = 0
[2025-02-19 06:28:21,077 I 10100 10100] gcs_init_data.cc:58: Finished loading node table data, size = 0
[2025-02-19 06:28:21,077 I 10100 10100] gcs_init_data.cc:81: Finished loading actor table data, size = 0
[2025-02-19 06:28:21,077 I 10100 10100] gcs_init_data.cc:92: Finished loading actor task spec table data, size = 0
[2025-02-19 06:28:21,077 I 10100 10100] gcs_init_data.cc:70: Finished loading placement group table data, size = 0
[2025-02-19 06:28:21,077 I 10100 10100] gcs_init_data.cc:106: Finished loading virtual cluster table data, size = 0
[2025-02-19 06:28:21,077 I 10100 10100] gcs_server.cc:159: No existing server cluster ID found. Generating new ID: 64cbd2af0162350d12260806e05fba1fbedecc1593fd1df088f8030f
[2025-02-19 06:28:21,077 I 10100 10100] gcs_server.cc:739: Autoscaler V2 enabled: 0
[2025-02-19 06:28:21,078 I 10100 10100] grpc_server.cc:135: GcsServer server started, listening on port 49215.
[2025-02-19 06:28:21,089 I 10100 10100] gcs_virtual_cluster.cc:1109: Start GC expired job clusters...
[2025-02-19 06:28:21,089 I 10100 10100] gcs_virtual_cluster.cc:1137: Finished GC expired job clusters, total expired job clusters: 0
[2025-02-19 06:28:21,089 I 10100 10100] gcs_server.cc:250: Gcs Debug state:

GcsNodeManager: 
- RegisterNode request count: 0
- DrainNode request count: 0
- GetAllNodeInfo request count: 0

GcsActorManager: 
- RegisterActor request count: 0
- CreateActor request count: 0
- GetActorInfo request count: 0
- GetNamedActorInfo request count: 0
- GetAllActorInfo request count: 0
- KillActor request count: 0
- ListNamedActors request count: 0
- Registered actors count: 0
- Destroyed actors count: 0
- Named actors count: 0
- Unresolved actors count: 0
- Pending actors count: 0
- Created actors count: 0
- owners_: 0
- actor_to_register_callbacks_: 0
- actor_to_restart_callbacks_: 0
- actor_to_create_callbacks_: 0
- sorted_destroyed_actor_list_: 0

GcsResourceManager: 
- GetAllAvailableResources request count: 0
- GetAllTotalResources request count: 0
- GetAllResourceUsage request count: 0

GcsPlacementGroupManager: 
- CreatePlacementGroup request count: 0
- RemovePlacementGroup request count: 0
- GetPlacementGroup request count: 0
- GetAllPlacementGroup request count: 0
- WaitPlacementGroupUntilReady request count: 0
- GetNamedPlacementGroup request count: 0
- Scheduling pending placement group count: 0
- Registered placement groups count: 0
- Named placement group count: 0
- Pending placement groups count: 0
- Infeasible placement groups count: 0

Publisher:

[runtime env manager] ID to URIs table:
[runtime env manager] URIs reference table:

GcsTaskManager: 
-Total num task events reported: 0
-Total num status task events dropped: 0
-Total num profile events dropped: 0
-Current num of task events stored: 0
-Total num of actor creation tasks: 0
-Total num of actor tasks: 0
-Total num of normal tasks: 0
-Total num of driver tasks: 0

GcsAutoscalerStateManager: 
- last_seen_autoscaler_state_version_: 0
- last_cluster_resource_state_version_: 0
- pending demands:



[2025-02-19 06:28:21,089 I 10100 10100] gcs_server.cc:940: Main service Event stats:


Global stats: 29 total (6 active)
Queueing time: mean = 4.918 ms, max = 12.541 ms, min = 97.000 ns, total = 142.628 ms
Execution time:  mean = 867.140 us, total = 25.147 ms
Event stats:
	GcsInMemoryStore.Put - 8 total (0 active), Execution time: mean = 1.568 ms, total = 12.540 ms, Queueing time: mean = 10.874 ms, max = 12.497 ms, min = 1.227 us, total = 86.992 ms
	GcsInMemoryStore.GetAll - 6 total (0 active), Execution time: mean = 4.113 us, total = 24.680 us, Queueing time: mean = 21.879 us, max = 22.200 us, min = 21.187 us, total = 131.273 us
	PeriodicalRunner.RunFnPeriodically - 6 total (2 active, 1 running), Execution time: mean = 4.821 us, total = 28.926 us, Queueing time: mean = 8.356 ms, max = 12.541 ms, min = 12.529 ms, total = 50.135 ms
	event_loop_lag_probe - 2 total (0 active), Execution time: mean = 4.168 us, total = 8.335 us, Queueing time: mean = 2.680 ms, max = 5.330 ms, min = 29.765 us, total = 5.360 ms
	RayletLoadPulled - 1 total (1 active), Execution time: mean = 0.000 s, total = 0.000 s, Queueing time: mean = 0.000 s, max = -0.000 s, min = 9223372036.855 s, total = 0.000 s
	GCExpiredJobClusters - 1 total (1 active), Execution time: mean = 0.000 s, total = 0.000 s, Queueing time: mean = 0.000 s, max = -0.000 s, min = 9223372036.855 s, total = 0.000 s
	ClusterResourceManager.ResetRemoteNodeView - 1 total (1 active), Execution time: mean = 0.000 s, total = 0.000 s, Queueing time: mean = 0.000 s, max = -0.000 s, min = 9223372036.855 s, total = 0.000 s
	GcsInMemoryStore.Get - 1 total (0 active), Execution time: mean = 7.275 us, total = 7.275 us, Queueing time: mean = 9.743 us, max = 9.743 us, min = 9.743 us, total = 9.743 us
	GcsServer.GetOrGenerateClusterId.continuation - 1 total (0 active), Execution time: mean = 12.534 ms, total = 12.534 ms, Queueing time: mean = 97.000 ns, max = 97.000 ns, min = 97.000 ns, total = 97.000 ns
	GcsInitData::AsyncLoad - 1 total (0 active), Execution time: mean = 4.004 us, total = 4.004 us, Queueing time: mean = 148.000 ns, max = 148.000 ns, min = 148.000 ns, total = 148.000 ns
	ReplenishNodeInstances - 1 total (1 active), Execution time: mean = 0.000 s, total = 0.000 s, Queueing time: mean = 0.000 s, max = -0.000 s, min = 9223372036.855 s, total = 0.000 s


[2025-02-19 06:28:21,090 I 10100 10100] gcs_server.cc:944: task_io_context Event stats:


Global stats: 4 total (1 active)
Queueing time: mean = 10.178 us, max = 23.507 us, min = 5.372 us, total = 40.710 us
Execution time:  mean = 111.580 us, total = 446.319 us
Event stats:
	event_loop_lag_probe - 2 total (0 active), Execution time: mean = 219.778 us, total = 439.556 us, Queueing time: mean = 17.669 us, max = 23.507 us, min = 11.831 us, total = 35.338 us
	GcsTaskManager.GcJobSummary - 1 total (1 active), Execution time: mean = 0.000 s, total = 0.000 s, Queueing time: mean = 0.000 s, max = -0.000 s, min = 9223372036.855 s, total = 0.000 s
	PeriodicalRunner.RunFnPeriodically - 1 total (0 active), Execution time: mean = 6.763 us, total = 6.763 us, Queueing time: mean = 5.372 us, max = 5.372 us, min = 5.372 us, total = 5.372 us


[2025-02-19 06:28:21,090 I 10100 10100] gcs_server.cc:944: pubsub_io_context Event stats:


Global stats: 4 total (1 active)
Queueing time: mean = 14.991 us, max = 29.756 us, min = 5.792 us, total = 59.963 us
Execution time:  mean = 248.893 us, total = 995.573 us
Event stats:
	event_loop_lag_probe - 2 total (0 active), Execution time: mean = 495.721 us, total = 991.442 us, Queueing time: mean = 27.085 us, max = 29.756 us, min = 24.415 us, total = 54.171 us
	PeriodicalRunner.RunFnPeriodically - 1 total (0 active), Execution time: mean = 4.131 us, total = 4.131 us, Queueing time: mean = 5.792 us, max = 5.792 us, min = 5.792 us, total = 5.792 us
	Publisher.CheckDeadSubscribers - 1 total (1 active), Execution time: mean = 0.000 s, total = 0.000 s, Queueing time: mean = 0.000 s, max = -0.000 s, min = 9223372036.855 s, total = 0.000 s


[2025-02-19 06:28:21,090 I 10100 10100] gcs_server.cc:944: ray_syncer_io_context Event stats:


Global stats: 4 total (0 active)
Queueing time: mean = 96.283 us, max = 174.893 us, min = 10.077 us, total = 385.132 us
Execution time:  mean = 339.395 us, total = 1.358 ms
Event stats:
	event_loop_lag_probe - 2 total (0 active), Execution time: mean = 678.318 us, total = 1.357 ms, Queueing time: mean = 18.078 us, max = 26.079 us, min = 10.077 us, total = 36.156 us
	RaySyncerRegister - 2 total (0 active), Execution time: mean = 472.000 ns, total = 944.000 ns, Queueing time: mean = 174.488 us, max = 174.893 us, min = 174.083 us, total = 348.976 us


[2025-02-19 06:28:21,811 I 10100 10100] gcs_node_manager.cc:90: Registering node info, address = 172.17.0.6, node name = 172.17.0.6 node_id=ebb8f3e1802d0ea8fccc32bbc18cdd3b7b99437f1e6c18ecc7683063
[2025-02-19 06:28:21,811 I 10100 10100] gcs_node_manager.cc:96: Finished registering node info, address = 172.17.0.6, node name = 172.17.0.6, is_head_node = 1 node_id=ebb8f3e1802d0ea8fccc32bbc18cdd3b7b99437f1e6c18ecc7683063
[2025-02-19 06:28:21,811 I 10100 10100] gcs_placement_group_manager.cc:842: A new node: ebb8f3e1802d0ea8fccc32bbc18cdd3b7b99437f1e6c18ecc7683063 registered, will try to reschedule all the infeasible placement groups.
[2025-02-19 06:28:21,814 I 10100 10146] ray_syncer.cc:244: Get connection node_id=ebb8f3e1802d0ea8fccc32bbc18cdd3b7b99437f1e6c18ecc7683063
[2025-02-19 06:28:21,919 I 10100 10100] gcs_job_manager.cc:90: Adding job, job id = 01000000, driver pid = 8740
[2025-02-19 06:28:21,919 I 10100 10100] gcs_job_manager.cc:111: Finished adding job, job id = 01000000, driver pid = 8740
