[2025-02-19 06:28:21,910 I 8740 8740] core_worker_process.cc:114: Constructing CoreWorkerProcess. pid: 8740
[2025-02-19 06:28:21,913 I 8740 8740] io_service_pool.cc:35: IOServicePool is running with 1 io_service.
[2025-02-19 06:28:21,915 I 8740 8740] grpc_server.cc:135: driver server started, listening on port 40173.
[2025-02-19 06:28:21,917 I 8740 8740] core_worker.cc:522: Initializing worker at address: 172.17.0.6:40173 worker_id=01000000ffffffffffffffffffffffffffffffffffffffffffffffff node_id=ebb8f3e1802d0ea8fccc32bbc18cdd3b7b99437f1e6c18ecc7683063
[2025-02-19 06:28:21,918 I 8740 8740] task_event_buffer.cc:281: Reporting task events to GCS every 1000ms.
[2025-02-19 06:28:21,918 I 8740 10346] core_worker.cc:910: Event stats:


Global stats: 13 total (8 active)
Queueing time: mean = 11.273 us, max = 127.047 us, min = 7.051 us, total = 146.552 us
Execution time:  mean = 54.574 us, total = 709.460 us
Event stats:
	PeriodicalRunner.RunFnPeriodically - 6 total (5 active, 1 running), Execution time: mean = 1.819 us, total = 10.913 us, Queueing time: mean = 2.076 us, max = 12.454 us, min = 12.454 us, total = 12.454 us
	ray::rpc::InternalPubSubGcsService.grpc_client.GcsSubscriberCommandBatch - 1 total (0 active), Execution time: mean = 261.142 us, total = 261.142 us, Queueing time: mean = 0.000 s, max = -0.000 s, min = 9223372036.855 s, total = 0.000 s
	ray::rpc::WorkerInfoGcsService.grpc_client.AddWorkerInfo.OnReplyReceived - 1 total (0 active), Execution time: mean = 14.042 us, total = 14.042 us, Queueing time: mean = 7.051 us, max = 7.051 us, min = 7.051 us, total = 7.051 us
	ray::rpc::InternalPubSubGcsService.grpc_client.GcsSubscriberPoll - 1 total (1 active), Execution time: mean = 0.000 s, total = 0.000 s, Queueing time: mean = 0.000 s, max = -0.000 s, min = 9223372036.855 s, total = 0.000 s
	Publisher.CheckDeadSubscribers - 1 total (1 active), Execution time: mean = 0.000 s, total = 0.000 s, Queueing time: mean = 0.000 s, max = -0.000 s, min = 9223372036.855 s, total = 0.000 s
	ray::rpc::NodeInfoGcsService.grpc_client.GetAllNodeInfo - 1 total (1 active), Execution time: mean = 0.000 s, total = 0.000 s, Queueing time: mean = 0.000 s, max = -0.000 s, min = 9223372036.855 s, total = 0.000 s
	ray::rpc::WorkerInfoGcsService.grpc_client.AddWorkerInfo - 1 total (0 active), Execution time: mean = 308.914 us, total = 308.914 us, Queueing time: mean = 0.000 s, max = -0.000 s, min = 9223372036.855 s, total = 0.000 s
	ray::rpc::InternalPubSubGcsService.grpc_client.GcsSubscriberCommandBatch.OnReplyReceived - 1 total (0 active), Execution time: mean = 114.449 us, total = 114.449 us, Queueing time: mean = 127.047 us, max = 127.047 us, min = 127.047 us, total = 127.047 us

-----------------
Task execution event stats:

Global stats: 0 total (0 active)
Queueing time: mean = -nan s, max = -0.000 s, min = 9223372036.855 s, total = 0.000 s
Execution time:  mean = -nan s, total = 0.000 s
Event stats:

-----------------
Task Event stats:

IO Service Stats:

Global stats: 4 total (1 active)
Queueing time: mean = 4.321 us, max = 12.378 us, min = 4.906 us, total = 17.284 us
Execution time:  mean = 94.743 us, total = 378.971 us
Event stats:
	PeriodicalRunner.RunFnPeriodically - 1 total (0 active), Execution time: mean = 70.298 us, total = 70.298 us, Queueing time: mean = 4.906 us, max = 4.906 us, min = 4.906 us, total = 4.906 us
	ray::rpc::TaskInfoGcsService.grpc_client.AddTaskEventData - 1 total (0 active), Execution time: mean = 288.607 us, total = 288.607 us, Queueing time: mean = 0.000 s, max = -0.000 s, min = 9223372036.855 s, total = 0.000 s
	CoreWorker.deadline_timer.flush_task_events - 1 total (1 active), Execution time: mean = 0.000 s, total = 0.000 s, Queueing time: mean = 0.000 s, max = -0.000 s, min = 9223372036.855 s, total = 0.000 s
	ray::rpc::TaskInfoGcsService.grpc_client.AddTaskEventData.OnReplyReceived - 1 total (0 active), Execution time: mean = 20.066 us, total = 20.066 us, Queueing time: mean = 12.378 us, max = 12.378 us, min = 12.378 us, total = 12.378 us
Other Stats:
	grpc_in_progress:0
	current number of task status events in buffer: 1
	current number of profile events in buffer: 0
	current number of dropped task attempts tracked: 0
	total task events sent: 0 MiB
	total number of task attempts sent: 0
	total number of task attempts dropped reported: 0
	total number of sent failure: 0
	num status task events dropped: 0
	num profile task events dropped: 0


[2025-02-19 06:28:21,919 I 8740 10346] accessor.cc:804: Received notification for node, IsAlive = 1 node_id=ebb8f3e1802d0ea8fccc32bbc18cdd3b7b99437f1e6c18ecc7683063
