[2025-02-19 06:28:21,798 I 10259 10259] main.cc:203: Setting cluster ID to: 64cbd2af0162350d12260806e05fba1fbedecc1593fd1df088f8030f
[2025-02-19 06:28:21,804 I 10259 10259] main.cc:318: Raylet is not set to kill unknown children.
[2025-02-19 06:28:21,804 I 10259 10259] io_service_pool.cc:35: IOServicePool is running with 1 io_service.
[2025-02-19 06:28:21,804 I 10259 10259] main.cc:448: Setting node ID node_id=ebb8f3e1802d0ea8fccc32bbc18cdd3b7b99437f1e6c18ecc7683063
[2025-02-19 06:28:21,804 I 10259 10259] store_runner.cc:33: Allowing the Plasma store to use up to 0.157286GB of memory.
[2025-02-19 06:28:21,804 I 10259 10259] store_runner.cc:49: Starting object store with directory /dev/shm, fallback /tmp/ray, and huge page support disabled
[2025-02-19 06:28:21,805 I 10259 10295] dlmalloc.cc:154: create_and_mmap_buffer(157286408, /dev/shm/plasmaXXXXXX)
[2025-02-19 06:28:21,805 I 10259 10295] store.cc:564: Plasma store debug dump: 
Current usage: 0 / 0.157286 GB
- num bytes created total: 0
0 pending objects of total size 0MB
- objects spillable: 0
- bytes spillable: 0
- objects unsealed: 0
- bytes unsealed: 0
- objects in use: 0
- bytes in use: 0
- objects evictable: 0
- bytes evictable: 0

- objects created by worker: 0
- bytes created by worker: 0
- objects restored: 0
- bytes restored: 0
- objects received: 0
- bytes received: 0
- objects errored: 0
- bytes errored: 0

[2025-02-19 06:28:21,806 I 10259 10259] grpc_server.cc:135: ObjectManager server started, listening on port 44657.
[2025-02-19 06:28:21,807 I 10259 10259] worker_killing_policy.cc:101: Running GroupByOwner policy.
[2025-02-19 06:28:21,807 I 10259 10259] memory_monitor.cc:47: MemoryMonitor initialized with usage threshold at 92876169216 bytes (0.95 system memory), total system memory bytes: 97764388864
[2025-02-19 06:28:21,807 I 10259 10259] node_manager.cc:295: Initializing NodeManager node_id=ebb8f3e1802d0ea8fccc32bbc18cdd3b7b99437f1e6c18ecc7683063
[2025-02-19 06:28:21,807 I 10259 10259] grpc_server.cc:135: NodeManager server started, listening on port 38839.
[2025-02-19 06:28:21,810 I 10259 10325] agent_manager.cc:78: Monitor agent process with name dashboard_agent/424238335
[2025-02-19 06:28:21,811 I 10259 10259] event.cc:496: Ray Event initialized for RAYLET
[2025-02-19 06:28:21,811 I 10259 10259] event.cc:327: Set ray event level to warning
[2025-02-19 06:28:21,811 I 10259 10327] agent_manager.cc:78: Monitor agent process with name runtime_env_agent
[2025-02-19 06:28:21,812 I 10259 10259] raylet.cc:134: Raylet of id, ebb8f3e1802d0ea8fccc32bbc18cdd3b7b99437f1e6c18ecc7683063 started. Raylet consists of node_manager and object_manager. node_manager address: 172.17.0.6:38839 object_manager address: 172.17.0.6:44657 hostname: 7d9ef60714c3
[2025-02-19 06:28:21,813 I 10259 10259] node_manager.cc:568: [state-dump] NodeManager:
[state-dump] Node ID: ebb8f3e1802d0ea8fccc32bbc18cdd3b7b99437f1e6c18ecc7683063
[state-dump] Node name: 172.17.0.6
[state-dump] InitialConfigResources: {node:172.17.0.6: 10000, memory: 866499022850000, node:__internal_head__: 10000, object_store_memory: 1572864000000}
[state-dump] ClusterTaskManager:
[state-dump] ========== Node: ebb8f3e1802d0ea8fccc32bbc18cdd3b7b99437f1e6c18ecc7683063 =================
[state-dump] Infeasible queue length: 0
[state-dump] Schedule queue length: 0
[state-dump] Dispatch queue length: 0
[state-dump] num_waiting_for_resource: 0
[state-dump] num_waiting_for_plasma_memory: 0
[state-dump] num_waiting_for_remote_node_resources: 0
[state-dump] num_worker_not_started_by_job_config_not_exist: 0
[state-dump] num_worker_not_started_by_registration_timeout: 0
[state-dump] num_tasks_waiting_for_workers: 0
[state-dump] num_cancelled_tasks: 0
[state-dump] cluster_resource_scheduler state: 
[state-dump] Local id: 2786428441566468272 Local resources: {"total":{memory: [866499022850000], object_store_memory: [1572864000000], node:__internal_head__: [10000], node:172.17.0.6: [10000]}}, "available": {memory: [866499022850000], object_store_memory: [1572864000000], node:__internal_head__: [10000], node:172.17.0.6: [10000]}}, "labels":{"ray.io/node_id":"ebb8f3e1802d0ea8fccc32bbc18cdd3b7b99437f1e6c18ecc7683063",} is_draining: 0 is_idle: 1 Cluster resources: node id: 2786428441566468272{"total":{object_store_memory: 1572864000000, memory: 866499022850000, node:172.17.0.6: 10000, node:__internal_head__: 10000}}, "available": {object_store_memory: 1572864000000, memory: 866499022850000, node:172.17.0.6: 10000, node:__internal_head__: 10000}}, "labels":{"ray.io/node_id":"ebb8f3e1802d0ea8fccc32bbc18cdd3b7b99437f1e6c18ecc7683063",}, "is_draining": 0, "draining_deadline_timestamp_ms": -1} { "placment group locations": [], "node to bundles": []}
[state-dump] Waiting tasks size: 0
[state-dump] Number of executing tasks: 0
[state-dump] Number of pinned task arguments: 0
[state-dump] Number of total spilled tasks: 0
[state-dump] Number of spilled waiting tasks: 0
[state-dump] Number of spilled unschedulable tasks: 0
[state-dump] Resource usage {
[state-dump] }
[state-dump] Backlog Size per scheduling descriptor :{workerId: num backlogs}:
[state-dump] 
[state-dump] Running tasks by scheduling class:
[state-dump] ==================================================
[state-dump] 
[state-dump] ClusterResources:
[state-dump] LocalObjectManager:
[state-dump] - num pinned objects: 0
[state-dump] - pinned objects size: 0
[state-dump] - num objects pending restore: 0
[state-dump] - num objects pending spill: 0
[state-dump] - num bytes pending spill: 0
[state-dump] - num bytes currently spilled: 0
[state-dump] - cumulative spill requests: 0
[state-dump] - cumulative restore requests: 0
[state-dump] - spilled objects pending delete: 0
[state-dump] 
[state-dump] ObjectManager:
[state-dump] - num local objects: 0
[state-dump] - num unfulfilled push requests: 0
[state-dump] - num object pull requests: 0
[state-dump] - num chunks received total: 0
[state-dump] - num chunks received failed (all): 0
[state-dump] - num chunks received failed / cancelled: 0
[state-dump] - num chunks received failed / plasma error: 0
[state-dump] Event stats:
[state-dump] Global stats: 0 total (0 active)
[state-dump] Queueing time: mean = -nan s, max = -0.000 s, min = 9223372036.855 s, total = 0.000 s
[state-dump] Execution time:  mean = -nan s, total = 0.000 s
[state-dump] Event stats:
[state-dump] PushManager:
[state-dump] - num pushes in flight: 0
[state-dump] - num chunks in flight: 0
[state-dump] - num chunks remaining: 0
[state-dump] - max chunks allowed: 409
[state-dump] OwnershipBasedObjectDirectory:
[state-dump] - num listeners: 0
[state-dump] - cumulative location updates: 0
[state-dump] - num location updates per second: 69961187411708000.000
[state-dump] - num location lookups per second: 69961187411696000.000
[state-dump] - num locations added per second: 0.000
[state-dump] - num locations removed per second: 0.000
[state-dump] BufferPool:
[state-dump] - create buffer state map size: 0
[state-dump] PullManager:
[state-dump] - num bytes available for pulled objects: 157286400
[state-dump] - num bytes being pulled (all): 0
[state-dump] - num bytes being pulled / pinned: 0
[state-dump] - get request bundles: BundlePullRequestQueue{0 total, 0 active, 0 inactive, 0 unpullable}
[state-dump] - wait request bundles: BundlePullRequestQueue{0 total, 0 active, 0 inactive, 0 unpullable}
[state-dump] - task request bundles: BundlePullRequestQueue{0 total, 0 active, 0 inactive, 0 unpullable}
[state-dump] - first get request bundle: N/A
[state-dump] - first wait request bundle: N/A
[state-dump] - first task request bundle: N/A
[state-dump] - num objects queued: 0
[state-dump] - num objects actively pulled (all): 0
[state-dump] - num objects actively pulled / pinned: 0
[state-dump] - num bundles being pulled: 0
[state-dump] - num pull retries: 0
[state-dump] - max timeout seconds: 0
[state-dump] - max timeout request is already processed. No entry.
[state-dump] 
[state-dump] WorkerPool:
[state-dump] - registered jobs: 0
[state-dump] - process_failed_job_config_missing: 0
[state-dump] - process_failed_rate_limited: 0
[state-dump] - process_failed_pending_registration: 0
[state-dump] - process_failed_runtime_env_setup_failed: 0
[state-dump] - num PYTHON workers: 0
[state-dump] - num PYTHON drivers: 0
[state-dump] - num PYTHON pending start requests: 0
[state-dump] - num PYTHON pending registration requests: 0
[state-dump] - num object spill callbacks queued: 0
[state-dump] - num object restore queued: 0
[state-dump] - num util functions queued: 0
[state-dump] - num JAVA workers: 0
[state-dump] - num JAVA drivers: 0
[state-dump] - num JAVA pending start requests: 0
[state-dump] - num JAVA pending registration requests: 0
[state-dump] - num object spill callbacks queued: 0
[state-dump] - num object restore queued: 0
[state-dump] - num util functions queued: 0
[state-dump] - num CPP workers: 0
[state-dump] - num CPP drivers: 0
[state-dump] - num CPP pending start requests: 0
[state-dump] - num CPP pending registration requests: 0
[state-dump] - num object spill callbacks queued: 0
[state-dump] - num object restore queued: 0
[state-dump] - num util functions queued: 0
[state-dump] - num idle workers: 0
[state-dump] TaskDependencyManager:
[state-dump] - task deps map size: 0
[state-dump] - get req map size: 0
[state-dump] - wait req map size: 0
[state-dump] - local objects map size: 0
[state-dump] WaitManager:
[state-dump] - num active wait requests: 0
[state-dump] Subscriber:
[state-dump] Channel WORKER_OBJECT_LOCATIONS_CHANNEL
[state-dump] - cumulative subscribe requests: 0
[state-dump] - cumulative unsubscribe requests: 0
[state-dump] - active subscribed publishers: 0
[state-dump] - cumulative published messages: 0
[state-dump] - cumulative processed messages: 0
[state-dump] Channel WORKER_OBJECT_EVICTION
[state-dump] - cumulative subscribe requests: 0
[state-dump] - cumulative unsubscribe requests: 0
[state-dump] - active subscribed publishers: 0
[state-dump] - cumulative published messages: 0
[state-dump] - cumulative processed messages: 0
[state-dump] Channel WORKER_REF_REMOVED_CHANNEL
[state-dump] - cumulative subscribe requests: 0
[state-dump] - cumulative unsubscribe requests: 0
[state-dump] - active subscribed publishers: 0
[state-dump] - cumulative published messages: 0
[state-dump] - cumulative processed messages: 0
[state-dump] num async plasma notifications: 0
[state-dump] Remote node managers: 
[state-dump] Event stats:
[state-dump] Global stats: 27 total (13 active)
[state-dump] Queueing time: mean = 699.583 us, max = 4.585 ms, min = 4.974 us, total = 18.889 ms
[state-dump] Execution time:  mean = 418.499 us, total = 11.299 ms
[state-dump] Event stats:
[state-dump] 	PeriodicalRunner.RunFnPeriodically - 11 total (2 active, 1 running), Execution time: mean = 141.919 us, total = 1.561 ms, Queueing time: mean = 1.716 ms, max = 4.585 ms, min = 19.006 us, total = 18.876 ms
[state-dump] 	ray::rpc::InternalKVGcsService.grpc_client.GetInternalConfig - 1 total (0 active), Execution time: mean = 316.118 us, total = 316.118 us, Queueing time: mean = 0.000 s, max = -0.000 s, min = 9223372036.855 s, total = 0.000 s
[state-dump] 	NodeManager.deadline_timer.debug_state_dump - 1 total (1 active), Execution time: mean = 0.000 s, total = 0.000 s, Queueing time: mean = 0.000 s, max = -0.000 s, min = 9223372036.855 s, total = 0.000 s
[state-dump] 	NodeManager.deadline_timer.record_metrics - 1 total (1 active), Execution time: mean = 0.000 s, total = 0.000 s, Queueing time: mean = 0.000 s, max = -0.000 s, min = 9223372036.855 s, total = 0.000 s
[state-dump] 	RayletWorkerPool.deadline_timer.kill_idle_workers - 1 total (1 active), Execution time: mean = 0.000 s, total = 0.000 s, Queueing time: mean = 0.000 s, max = -0.000 s, min = 9223372036.855 s, total = 0.000 s
[state-dump] 	ray::rpc::InternalPubSubGcsService.grpc_client.GcsSubscriberPoll - 1 total (1 active), Execution time: mean = 0.000 s, total = 0.000 s, Queueing time: mean = 0.000 s, max = -0.000 s, min = 9223372036.855 s, total = 0.000 s
[state-dump] 	ray::rpc::InternalPubSubGcsService.grpc_client.GcsSubscriberCommandBatch - 1 total (0 active), Execution time: mean = 989.192 us, total = 989.192 us, Queueing time: mean = 0.000 s, max = -0.000 s, min = 9223372036.855 s, total = 0.000 s
[state-dump] 	MemoryMonitor.CheckIsMemoryUsageAboveThreshold - 1 total (1 active), Execution time: mean = 0.000 s, total = 0.000 s, Queueing time: mean = 0.000 s, max = -0.000 s, min = 9223372036.855 s, total = 0.000 s
[state-dump] 	NodeManager.ScheduleAndDispatchTasks - 1 total (1 active), Execution time: mean = 0.000 s, total = 0.000 s, Queueing time: mean = 0.000 s, max = -0.000 s, min = 9223372036.855 s, total = 0.000 s
[state-dump] 	ray::rpc::NodeInfoGcsService.grpc_client.RegisterNode - 1 total (0 active), Execution time: mean = 570.089 us, total = 570.089 us, Queueing time: mean = 0.000 s, max = -0.000 s, min = 9223372036.855 s, total = 0.000 s
[state-dump] 	ray::rpc::InternalPubSubGcsService.grpc_client.GcsSubscriberCommandBatch.OnReplyReceived - 1 total (1 active), Execution time: mean = 0.000 s, total = 0.000 s, Queueing time: mean = 0.000 s, max = -0.000 s, min = 9223372036.855 s, total = 0.000 s
[state-dump] 	NodeManager.GCTaskFailureReason - 1 total (1 active), Execution time: mean = 0.000 s, total = 0.000 s, Queueing time: mean = 0.000 s, max = -0.000 s, min = 9223372036.855 s, total = 0.000 s
[state-dump] 	NodeManager.deadline_timer.spill_objects_when_over_threshold - 1 total (1 active), Execution time: mean = 0.000 s, total = 0.000 s, Queueing time: mean = 0.000 s, max = -0.000 s, min = 9223372036.855 s, total = 0.000 s
[state-dump] 	ClusterResourceManager.ResetRemoteNodeView - 1 total (1 active), Execution time: mean = 0.000 s, total = 0.000 s, Queueing time: mean = 0.000 s, max = -0.000 s, min = 9223372036.855 s, total = 0.000 s
[state-dump] 	ray::rpc::InternalKVGcsService.grpc_client.GetInternalConfig.OnReplyReceived - 1 total (0 active), Execution time: mean = 7.687 ms, total = 7.687 ms, Queueing time: mean = 7.766 us, max = 7.766 us, min = 7.766 us, total = 7.766 us
[state-dump] 	ray::rpc::NodeInfoGcsService.grpc_client.RegisterNode.OnReplyReceived - 1 total (0 active), Execution time: mean = 176.105 us, total = 176.105 us, Queueing time: mean = 4.974 us, max = 4.974 us, min = 4.974 us, total = 4.974 us
[state-dump] 	NodeManager.deadline_timer.flush_free_objects - 1 total (1 active), Execution time: mean = 0.000 s, total = 0.000 s, Queueing time: mean = 0.000 s, max = -0.000 s, min = 9223372036.855 s, total = 0.000 s
[state-dump] DebugString() time ms: 0
[state-dump] 
[state-dump] 
[2025-02-19 06:28:21,814 I 10259 10259] accessor.cc:804: Received notification for node, IsAlive = 1 node_id=ebb8f3e1802d0ea8fccc32bbc18cdd3b7b99437f1e6c18ecc7683063
[2025-02-19 06:28:21,817 I 10259 10259] node_manager.cc:535: Finished subscribing all virtual cluster infos.
[2025-02-19 06:28:21,918 I 10259 10295] object_store.cc:35: Object store current usage 8e-09 / 0.157286 GB.
[2025-02-19 06:28:21,919 I 10259 10259] worker_pool.cc:703: Job 01000000 already started in worker pool.
