[2025-02-19 06:40:02,858 I 10090 10090] gcs_server_main.cc:73: Ray cluster metadata ray_version=3.0.0.dev0 ray_commit={{RAY_COMMIT_SHA}}
[2025-02-19 06:40:02,859 I 10090 10090] io_service_pool.cc:35: IOServicePool is running with 1 io_service.
[2025-02-19 06:40:02,862 I 10090 10090] event.cc:496: Ray Event initialized for GCS
[2025-02-19 06:40:02,862 I 10090 10090] event.cc:496: Ray Event initialized for EXPORT_NODE
[2025-02-19 06:40:02,862 I 10090 10090] event.cc:496: Ray Event initialized for EXPORT_ACTOR
[2025-02-19 06:40:02,862 I 10090 10090] event.cc:496: Ray Event initialized for EXPORT_DRIVER_JOB
[2025-02-19 06:40:02,862 I 10090 10090] event.cc:327: Set ray event level to warning
[2025-02-19 06:40:02,863 I 10090 10090] gcs_server.cc:74: GCS storage type is StorageType::IN_MEMORY
[2025-02-19 06:40:02,864 I 10090 10090] gcs_init_data.cc:44: Loading job table data.
[2025-02-19 06:40:02,864 I 10090 10090] gcs_init_data.cc:54: Loading node table data.
[2025-02-19 06:40:02,864 I 10090 10090] gcs_init_data.cc:76: Loading actor table data.
[2025-02-19 06:40:02,864 I 10090 10090] gcs_init_data.cc:87: Loading actor task spec table data.
[2025-02-19 06:40:02,864 I 10090 10090] gcs_init_data.cc:64: Loading placement group table data.
[2025-02-19 06:40:02,864 I 10090 10090] gcs_init_data.cc:100: Loading virtual cluster table data.
[2025-02-19 06:40:02,864 I 10090 10090] gcs_init_data.cc:48: Finished loading job table data, size = 0
[2025-02-19 06:40:02,864 I 10090 10090] gcs_init_data.cc:58: Finished loading node table data, size = 0
[2025-02-19 06:40:02,864 I 10090 10090] gcs_init_data.cc:81: Finished loading actor table data, size = 0
[2025-02-19 06:40:02,864 I 10090 10090] gcs_init_data.cc:92: Finished loading actor task spec table data, size = 0
[2025-02-19 06:40:02,864 I 10090 10090] gcs_init_data.cc:70: Finished loading placement group table data, size = 0
[2025-02-19 06:40:02,864 I 10090 10090] gcs_init_data.cc:106: Finished loading virtual cluster table data, size = 0
[2025-02-19 06:40:02,864 I 10090 10090] gcs_server.cc:159: No existing server cluster ID found. Generating new ID: 7a44dcb9d3369779f6c9d5c02e0fb5a831cdbb9d80f7af23b1b4443e
[2025-02-19 06:40:02,864 I 10090 10090] gcs_server.cc:739: Autoscaler V2 enabled: 0
[2025-02-19 06:40:02,865 I 10090 10090] grpc_server.cc:135: GcsServer server started, listening on port 59893.
[2025-02-19 06:40:02,877 I 10090 10090] gcs_virtual_cluster.cc:1109: Start GC expired job clusters...
[2025-02-19 06:40:02,877 I 10090 10090] gcs_virtual_cluster.cc:1137: Finished GC expired job clusters, total expired job clusters: 0
[2025-02-19 06:40:02,877 I 10090 10090] gcs_server.cc:250: Gcs Debug state:

GcsNodeManager: 
- RegisterNode request count: 0
- DrainNode request count: 0
- GetAllNodeInfo request count: 0

GcsActorManager: 
- RegisterActor request count: 0
- CreateActor request count: 0
- GetActorInfo request count: 0
- GetNamedActorInfo request count: 0
- GetAllActorInfo request count: 0
- KillActor request count: 0
- ListNamedActors request count: 0
- Registered actors count: 0
- Destroyed actors count: 0
- Named actors count: 0
- Unresolved actors count: 0
- Pending actors count: 0
- Created actors count: 0
- owners_: 0
- actor_to_register_callbacks_: 0
- actor_to_restart_callbacks_: 0
- actor_to_create_callbacks_: 0
- sorted_destroyed_actor_list_: 0

GcsResourceManager: 
- GetAllAvailableResources request count: 0
- GetAllTotalResources request count: 0
- GetAllResourceUsage request count: 0

GcsPlacementGroupManager: 
- CreatePlacementGroup request count: 0
- RemovePlacementGroup request count: 0
- GetPlacementGroup request count: 0
- GetAllPlacementGroup request count: 0
- WaitPlacementGroupUntilReady request count: 0
- GetNamedPlacementGroup request count: 0
- Scheduling pending placement group count: 0
- Registered placement groups count: 0
- Named placement group count: 0
- Pending placement groups count: 0
- Infeasible placement groups count: 0

Publisher:

[runtime env manager] ID to URIs table:
[runtime env manager] URIs reference table:

GcsTaskManager: 
-Total num task events reported: 0
-Total num status task events dropped: 0
-Total num profile events dropped: 0
-Current num of task events stored: 0
-Total num of actor creation tasks: 0
-Total num of actor tasks: 0
-Total num of normal tasks: 0
-Total num of driver tasks: 0

GcsAutoscalerStateManager: 
- last_seen_autoscaler_state_version_: 0
- last_cluster_resource_state_version_: 0
- pending demands:



[2025-02-19 06:40:02,877 I 10090 10090] gcs_server.cc:940: Main service Event stats:


Global stats: 29 total (6 active)
Queueing time: mean = 5.005 ms, max = 12.754 ms, min = 115.000 ns, total = 145.137 ms
Execution time:  mean = 881.562 us, total = 25.565 ms
Event stats:
	GcsInMemoryStore.Put - 8 total (0 active), Execution time: mean = 1.593 ms, total = 12.746 ms, Queueing time: mean = 11.060 ms, max = 12.710 ms, min = 1.356 us, total = 88.478 ms
	GcsInMemoryStore.GetAll - 6 total (0 active), Execution time: mean = 4.003 us, total = 24.017 us, Queueing time: mean = 21.756 us, max = 22.052 us, min = 21.322 us, total = 130.536 us
	PeriodicalRunner.RunFnPeriodically - 6 total (2 active, 1 running), Execution time: mean = 5.950 us, total = 35.701 us, Queueing time: mean = 8.495 ms, max = 12.754 ms, min = 12.735 ms, total = 50.967 ms
	event_loop_lag_probe - 2 total (0 active), Execution time: mean = 4.340 us, total = 8.681 us, Queueing time: mean = 2.776 ms, max = 5.522 ms, min = 29.173 us, total = 5.551 ms
	GcsInitData::AsyncLoad - 1 total (0 active), Execution time: mean = 3.957 us, total = 3.957 us, Queueing time: mean = 152.000 ns, max = 152.000 ns, min = 152.000 ns, total = 152.000 ns
	GCExpiredJobClusters - 1 total (1 active), Execution time: mean = 0.000 s, total = 0.000 s, Queueing time: mean = 0.000 s, max = -0.000 s, min = 9223372036.855 s, total = 0.000 s
	GcsServer.GetOrGenerateClusterId.continuation - 1 total (0 active), Execution time: mean = 12.739 ms, total = 12.739 ms, Queueing time: mean = 115.000 ns, max = 115.000 ns, min = 115.000 ns, total = 115.000 ns
	ReplenishNodeInstances - 1 total (1 active), Execution time: mean = 0.000 s, total = 0.000 s, Queueing time: mean = 0.000 s, max = -0.000 s, min = 9223372036.855 s, total = 0.000 s
	GcsInMemoryStore.Get - 1 total (0 active), Execution time: mean = 7.704 us, total = 7.704 us, Queueing time: mean = 10.041 us, max = 10.041 us, min = 10.041 us, total = 10.041 us
	RayletLoadPulled - 1 total (1 active), Execution time: mean = 0.000 s, total = 0.000 s, Queueing time: mean = 0.000 s, max = -0.000 s, min = 9223372036.855 s, total = 0.000 s
	ClusterResourceManager.ResetRemoteNodeView - 1 total (1 active), Execution time: mean = 0.000 s, total = 0.000 s, Queueing time: mean = 0.000 s, max = -0.000 s, min = 9223372036.855 s, total = 0.000 s


[2025-02-19 06:40:02,877 I 10090 10090] gcs_server.cc:944: task_io_context Event stats:


Global stats: 4 total (1 active)
Queueing time: mean = 63.410 us, max = 223.857 us, min = 4.720 us, total = 253.638 us
Execution time:  mean = 298.648 us, total = 1.195 ms
Event stats:
	event_loop_lag_probe - 2 total (0 active), Execution time: mean = 595.113 us, total = 1.190 ms, Queueing time: mean = 124.459 us, max = 223.857 us, min = 25.061 us, total = 248.918 us
	PeriodicalRunner.RunFnPeriodically - 1 total (0 active), Execution time: mean = 4.365 us, total = 4.365 us, Queueing time: mean = 4.720 us, max = 4.720 us, min = 4.720 us, total = 4.720 us
	GcsTaskManager.GcJobSummary - 1 total (1 active), Execution time: mean = 0.000 s, total = 0.000 s, Queueing time: mean = 0.000 s, max = -0.000 s, min = 9223372036.855 s, total = 0.000 s


[2025-02-19 06:40:02,877 I 10090 10090] gcs_server.cc:944: pubsub_io_context Event stats:


Global stats: 4 total (1 active)
Queueing time: mean = 13.880 us, max = 27.787 us, min = 6.241 us, total = 55.518 us
Execution time:  mean = 298.896 us, total = 1.196 ms
Event stats:
	event_loop_lag_probe - 2 total (0 active), Execution time: mean = 595.696 us, total = 1.191 ms, Queueing time: mean = 24.639 us, max = 27.787 us, min = 21.490 us, total = 49.277 us
	PeriodicalRunner.RunFnPeriodically - 1 total (0 active), Execution time: mean = 4.191 us, total = 4.191 us, Queueing time: mean = 6.241 us, max = 6.241 us, min = 6.241 us, total = 6.241 us
	Publisher.CheckDeadSubscribers - 1 total (1 active), Execution time: mean = 0.000 s, total = 0.000 s, Queueing time: mean = 0.000 s, max = -0.000 s, min = 9223372036.855 s, total = 0.000 s


[2025-02-19 06:40:02,877 I 10090 10090] gcs_server.cc:944: ray_syncer_io_context Event stats:


Global stats: 4 total (0 active)
Queueing time: mean = 99.625 us, max = 182.513 us, min = 9.629 us, total = 398.501 us
Execution time:  mean = 390.125 us, total = 1.561 ms
Event stats:
	event_loop_lag_probe - 2 total (0 active), Execution time: mean = 779.898 us, total = 1.560 ms, Queueing time: mean = 17.062 us, max = 24.495 us, min = 9.629 us, total = 34.124 us
	RaySyncerRegister - 2 total (0 active), Execution time: mean = 353.500 ns, total = 707.000 ns, Queueing time: mean = 182.189 us, max = 182.513 us, min = 181.864 us, total = 364.377 us


[2025-02-19 06:40:03,698 I 10090 10090] gcs_node_manager.cc:90: Registering node info, address = 172.17.0.6, node name = 172.17.0.6 node_id=154c92de3f710a1c8cdc402f49e551654d95fb49832f07e1ca7479ad
[2025-02-19 06:40:03,698 I 10090 10090] gcs_node_manager.cc:96: Finished registering node info, address = 172.17.0.6, node name = 172.17.0.6, is_head_node = 1 node_id=154c92de3f710a1c8cdc402f49e551654d95fb49832f07e1ca7479ad
[2025-02-19 06:40:03,698 I 10090 10090] gcs_placement_group_manager.cc:842: A new node: 154c92de3f710a1c8cdc402f49e551654d95fb49832f07e1ca7479ad registered, will try to reschedule all the infeasible placement groups.
[2025-02-19 06:40:03,702 I 10090 10126] ray_syncer.cc:244: Get connection node_id=154c92de3f710a1c8cdc402f49e551654d95fb49832f07e1ca7479ad
[2025-02-19 06:40:03,804 I 10090 10090] gcs_job_manager.cc:90: Adding job, job id = 01000000, driver pid = 8727
[2025-02-19 06:40:03,804 I 10090 10090] gcs_job_manager.cc:111: Finished adding job, job id = 01000000, driver pid = 8727
