[2025-02-19 06:41:07,128 I 17036 17036] core_worker_process.cc:114: Constructing CoreWorkerProcess. pid: 17036
[2025-02-19 06:41:07,131 I 17036 17036] io_service_pool.cc:35: IOServicePool is running with 1 io_service.
[2025-02-19 06:41:07,133 I 17036 17036] grpc_server.cc:135: driver server started, listening on port 43053.
[2025-02-19 06:41:07,134 I 17036 17036] core_worker.cc:522: Initializing worker at address: 172.17.0.6:43053 worker_id=01000000ffffffffffffffffffffffffffffffffffffffffffffffff node_id=b5231d50139cf3234951921a7b41dc0983bdf8617e8bba6430fb5405
[2025-02-19 06:41:07,134 I 17036 17036] task_event_buffer.cc:281: Reporting task events to GCS every 1000ms.
[2025-02-19 06:41:07,135 I 17036 18640] core_worker.cc:910: Event stats:


Global stats: 14 total (8 active)
Queueing time: mean = 5.014 us, max = 51.376 us, min = 6.578 us, total = 70.194 us
Execution time:  mean = 70.207 us, total = 982.895 us
Event stats:
	PeriodicalRunner.RunFnPeriodically - 6 total (5 active, 1 running), Execution time: mean = 1.411 us, total = 8.469 us, Queueing time: mean = 8.563 us, max = 51.376 us, min = 51.376 us, total = 51.376 us
	Publisher.CheckDeadSubscribers - 1 total (1 active), Execution time: mean = 0.000 s, total = 0.000 s, Queueing time: mean = 0.000 s, max = -0.000 s, min = 9223372036.855 s, total = 0.000 s
	ray::rpc::InternalPubSubGcsService.grpc_client.GcsSubscriberPoll - 1 total (1 active), Execution time: mean = 0.000 s, total = 0.000 s, Queueing time: mean = 0.000 s, max = -0.000 s, min = 9223372036.855 s, total = 0.000 s
	ray::rpc::NodeInfoGcsService.grpc_client.GetAllNodeInfo - 1 total (0 active), Execution time: mean = 216.026 us, total = 216.026 us, Queueing time: mean = 0.000 s, max = -0.000 s, min = 9223372036.855 s, total = 0.000 s
	ray::rpc::NodeInfoGcsService.grpc_client.GetAllNodeInfo.OnReplyReceived - 1 total (1 active), Execution time: mean = 0.000 s, total = 0.000 s, Queueing time: mean = 0.000 s, max = -0.000 s, min = 9223372036.855 s, total = 0.000 s
	ray::rpc::InternalPubSubGcsService.grpc_client.GcsSubscriberCommandBatch.OnReplyReceived - 1 total (0 active), Execution time: mean = 94.484 us, total = 94.484 us, Queueing time: mean = 6.578 us, max = 6.578 us, min = 6.578 us, total = 6.578 us
	ray::rpc::InternalPubSubGcsService.grpc_client.GcsSubscriberCommandBatch - 1 total (0 active), Execution time: mean = 290.156 us, total = 290.156 us, Queueing time: mean = 0.000 s, max = -0.000 s, min = 9223372036.855 s, total = 0.000 s
	ray::rpc::WorkerInfoGcsService.grpc_client.AddWorkerInfo.OnReplyReceived - 1 total (0 active), Execution time: mean = 41.760 us, total = 41.760 us, Queueing time: mean = 12.240 us, max = 12.240 us, min = 12.240 us, total = 12.240 us
	ray::rpc::WorkerInfoGcsService.grpc_client.AddWorkerInfo - 1 total (0 active), Execution time: mean = 332.000 us, total = 332.000 us, Queueing time: mean = 0.000 s, max = -0.000 s, min = 9223372036.855 s, total = 0.000 s

-----------------
Task execution event stats:

Global stats: 0 total (0 active)
Queueing time: mean = -nan s, max = -0.000 s, min = 9223372036.855 s, total = 0.000 s
Execution time:  mean = -nan s, total = 0.000 s
Event stats:

-----------------
Task Event stats:

IO Service Stats:

Global stats: 4 total (1 active)
Queueing time: mean = 4.221 us, max = 8.522 us, min = 8.364 us, total = 16.886 us
Execution time:  mean = 98.921 us, total = 395.685 us
Event stats:
	ray::rpc::TaskInfoGcsService.grpc_client.AddTaskEventData - 1 total (0 active), Execution time: mean = 271.010 us, total = 271.010 us, Queueing time: mean = 0.000 s, max = -0.000 s, min = 9223372036.855 s, total = 0.000 s
	CoreWorker.deadline_timer.flush_task_events - 1 total (1 active), Execution time: mean = 0.000 s, total = 0.000 s, Queueing time: mean = 0.000 s, max = -0.000 s, min = 9223372036.855 s, total = 0.000 s
	ray::rpc::TaskInfoGcsService.grpc_client.AddTaskEventData.OnReplyReceived - 1 total (0 active), Execution time: mean = 19.131 us, total = 19.131 us, Queueing time: mean = 8.364 us, max = 8.364 us, min = 8.364 us, total = 8.364 us
	PeriodicalRunner.RunFnPeriodically - 1 total (0 active), Execution time: mean = 105.544 us, total = 105.544 us, Queueing time: mean = 8.522 us, max = 8.522 us, min = 8.522 us, total = 8.522 us
Other Stats:
	grpc_in_progress:0
	current number of task status events in buffer: 1
	current number of profile events in buffer: 0
	current number of dropped task attempts tracked: 0
	total task events sent: 0 MiB
	total number of task attempts sent: 0
	total number of task attempts dropped reported: 0
	total number of sent failure: 0
	num status task events dropped: 0
	num profile task events dropped: 0


[2025-02-19 06:41:07,135 I 17036 18640] accessor.cc:804: Received notification for node, IsAlive = 1 node_id=b5231d50139cf3234951921a7b41dc0983bdf8617e8bba6430fb5405
