[2025-02-19 06:40:03,797 I 8727 8727] core_worker_process.cc:114: Constructing CoreWorkerProcess. pid: 8727
[2025-02-19 06:40:03,801 I 8727 8727] io_service_pool.cc:35: IOServicePool is running with 1 io_service.
[2025-02-19 06:40:03,802 I 8727 8727] grpc_server.cc:135: driver server started, listening on port 35437.
[2025-02-19 06:40:03,803 I 8727 8727] core_worker.cc:522: Initializing worker at address: 172.17.0.6:35437 worker_id=01000000ffffffffffffffffffffffffffffffffffffffffffffffff node_id=154c92de3f710a1c8cdc402f49e551654d95fb49832f07e1ca7479ad
[2025-02-19 06:40:03,803 I 8727 8727] task_event_buffer.cc:281: Reporting task events to GCS every 1000ms.
[2025-02-19 06:40:03,804 I 8727 10336] core_worker.cc:910: Event stats:


Global stats: 13 total (8 active)
Queueing time: mean = 2.746 us, max = 22.671 us, min = 6.290 us, total = 35.696 us
Execution time:  mean = 65.164 us, total = 847.128 us
Event stats:
	PeriodicalRunner.RunFnPeriodically - 6 total (5 active, 1 running), Execution time: mean = 2.313 us, total = 13.880 us, Queueing time: mean = 1.048 us, max = 6.290 us, min = 6.290 us, total = 6.290 us
	Publisher.CheckDeadSubscribers - 1 total (1 active), Execution time: mean = 0.000 s, total = 0.000 s, Queueing time: mean = 0.000 s, max = -0.000 s, min = 9223372036.855 s, total = 0.000 s
	ray::rpc::NodeInfoGcsService.grpc_client.GetAllNodeInfo - 1 total (1 active), Execution time: mean = 0.000 s, total = 0.000 s, Queueing time: mean = 0.000 s, max = -0.000 s, min = 9223372036.855 s, total = 0.000 s
	ray::rpc::InternalPubSubGcsService.grpc_client.GcsSubscriberPoll - 1 total (1 active), Execution time: mean = 0.000 s, total = 0.000 s, Queueing time: mean = 0.000 s, max = -0.000 s, min = 9223372036.855 s, total = 0.000 s
	ray::rpc::InternalPubSubGcsService.grpc_client.GcsSubscriberCommandBatch - 1 total (0 active), Execution time: mean = 328.103 us, total = 328.103 us, Queueing time: mean = 0.000 s, max = -0.000 s, min = 9223372036.855 s, total = 0.000 s
	ray::rpc::WorkerInfoGcsService.grpc_client.AddWorkerInfo - 1 total (0 active), Execution time: mean = 315.560 us, total = 315.560 us, Queueing time: mean = 0.000 s, max = -0.000 s, min = 9223372036.855 s, total = 0.000 s
	ray::rpc::InternalPubSubGcsService.grpc_client.GcsSubscriberCommandBatch.OnReplyReceived - 1 total (0 active), Execution time: mean = 161.783 us, total = 161.783 us, Queueing time: mean = 6.735 us, max = 6.735 us, min = 6.735 us, total = 6.735 us
	ray::rpc::WorkerInfoGcsService.grpc_client.AddWorkerInfo.OnReplyReceived - 1 total (0 active), Execution time: mean = 27.802 us, total = 27.802 us, Queueing time: mean = 22.671 us, max = 22.671 us, min = 22.671 us, total = 22.671 us

-----------------
Task execution event stats:

Global stats: 0 total (0 active)
Queueing time: mean = -nan s, max = -0.000 s, min = 9223372036.855 s, total = 0.000 s
Execution time:  mean = -nan s, total = 0.000 s
Event stats:

-----------------
Task Event stats:

IO Service Stats:

Global stats: 4 total (1 active)
Queueing time: mean = 2.878 us, max = 6.027 us, min = 5.484 us, total = 11.511 us
Execution time:  mean = 116.478 us, total = 465.910 us
Event stats:
	CoreWorker.deadline_timer.flush_task_events - 1 total (1 active), Execution time: mean = 0.000 s, total = 0.000 s, Queueing time: mean = 0.000 s, max = -0.000 s, min = 9223372036.855 s, total = 0.000 s
	ray::rpc::TaskInfoGcsService.grpc_client.AddTaskEventData.OnReplyReceived - 1 total (0 active), Execution time: mean = 13.999 us, total = 13.999 us, Queueing time: mean = 6.027 us, max = 6.027 us, min = 6.027 us, total = 6.027 us
	PeriodicalRunner.RunFnPeriodically - 1 total (0 active), Execution time: mean = 115.959 us, total = 115.959 us, Queueing time: mean = 5.484 us, max = 5.484 us, min = 5.484 us, total = 5.484 us
	ray::rpc::TaskInfoGcsService.grpc_client.AddTaskEventData - 1 total (0 active), Execution time: mean = 335.952 us, total = 335.952 us, Queueing time: mean = 0.000 s, max = -0.000 s, min = 9223372036.855 s, total = 0.000 s
Other Stats:
	grpc_in_progress:0
	current number of task status events in buffer: 1
	current number of profile events in buffer: 0
	current number of dropped task attempts tracked: 0
	total task events sent: 0 MiB
	total number of task attempts sent: 0
	total number of task attempts dropped reported: 0
	total number of sent failure: 0
	num status task events dropped: 0
	num profile task events dropped: 0


[2025-02-19 06:40:03,805 I 8727 10336] accessor.cc:804: Received notification for node, IsAlive = 1 node_id=154c92de3f710a1c8cdc402f49e551654d95fb49832f07e1ca7479ad
